[2026-02-12 19:38:11] ...........ACK Process Start..........
[2026-02-12 19:38:12] Connected to NPCI SFTP for ACK Download at 07:38:12 pm
[2026-02-12 19:38:13] Downloaded Successfully: ACH-CR-UBIN-UBIN612205-19012026-GLT424001-R2222222222C2-01-ACK.xml
[2026-02-12 19:38:13] Unexpected error in ACK download: could not execute statement; SQL [n/a]; constraint [null]; nested exception is org.hibernate.exception.ConstraintViolationException: could not execute statement
[2026-02-12 19:38:13] NPCI SFTP ACK Download Process Completed
[2026-02-12 19:38:13] ...........ACK Process End..........
[2026-02-12 19:38:16] ...........ACK Process Start..........
[2026-02-12 19:38:16] Connected to NPCI SFTP for ACK Download at 07:38:16 pm
[2026-02-12 19:38:16] Downloaded Successfully: ACH-CR-UBIN-UBIN612205-19012026-GLT424001-R2222222222C2-01-ACK.xml
[2026-02-12 19:38:16] Unexpected error in ACK download: could not execute statement; SQL [n/a]; constraint [null]; nested exception is org.hibernate.exception.ConstraintViolationException: could not execute statement
[2026-02-12 19:38:16] NPCI SFTP ACK Download Process Completed
[2026-02-12 19:38:16] ...........ACK Process End..........
[2026-02-12 19:38:21] ...........ACK Process Start..........
[2026-02-12 19:38:21] Connected to NPCI SFTP for ACK Download at 07:38:21 pm
[2026-02-12 19:38:21] Downloaded Successfully: ACH-CR-UBIN-UBIN612205-19012026-GLT424001-R2222222222C2-01-ACK.xml
[2026-02-12 19:38:21] Unexpected error in ACK download: could not execute statement; SQL [n/a]; constraint [null]; nested exception is org.hibernate.exception.ConstraintViolationException: could not execute statement
[2026-02-12 19:38:21] NPCI SFTP ACK Download Process Completed
[2026-02-12 19:38:21] ...........ACK Process End..........
[2026-02-12 19:38:26] ...........ACK Process Start..........
[2026-02-12 19:38:26] Connected to NPCI SFTP for ACK Download at 07:38:26 pm
[2026-02-12 19:38:26] Downloaded Successfully: ACH-CR-UBIN-UBIN612205-19012026-GLT424001-R2222222222C2-01-ACK.xml
[2026-02-12 19:38:26] Unexpected error in ACK download: could not execute statement; SQL [n/a]; constraint [null]; nested exception is org.hibernate.exception.ConstraintViolationException: could not execute statement
[2026-02-12 19:38:26] NPCI SFTP ACK Download Process Completed
[2026-02-12 19:38:26] ...........ACK Process End..........
[2026-02-12 19:38:31] ...........ACK Process Start..........
[2026-02-12 19:38:31] Connected to NPCI SFTP for ACK Download at 07:38:31 pm
[2026-02-12 19:38:31] Downloaded Successfully: ACH-CR-UBIN-UBIN612205-19012026-GLT424001-R2222222222C2-01-ACK.xml
[2026-02-12 19:38:31] Unexpected error in ACK download: could not execute statement; SQL [n/a]; constraint [null]; nested exception is org.hibernate.exception.ConstraintViolationException: could not execute statement
[2026-02-12 19:38:31] NPCI SFTP ACK Download Process Completed
[2026-02-12 19:38:31] ...........ACK Process End..........
[2026-02-12 19:38:36] ...........ACK Process Start..........
[2026-02-12 19:38:36] Connected to NPCI SFTP for ACK Download at 07:38:36 pm
[2026-02-12 19:38:36] Downloaded Successfully: ACH-CR-UBIN-UBIN612205-19012026-GLT424001-R2222222222C2-01-ACK.xml
[2026-02-12 19:38:36] Unexpected error in ACK download: could not execute statement; SQL [n/a]; constraint [null]; nested exception is org.hibernate.exception.ConstraintViolationException: could not execute statement
[2026-02-12 19:38:36] NPCI SFTP ACK Download Process Completed
[2026-02-12 19:38:36] ...........ACK Process End..........
[2026-02-12 19:38:41] ...........ACK Process Start..........
[2026-02-12 19:38:41] Connected to NPCI SFTP for ACK Download at 07:38:41 pm
[2026-02-12 19:38:41] Downloaded Successfully: ACH-CR-UBIN-UBIN612205-19012026-GLT424001-R2222222222C2-01-ACK.xml
[2026-02-12 19:38:41] Unexpected error in ACK download: could not execute statement; SQL [n/a]; constraint [null]; nested exception is org.hibernate.exception.ConstraintViolationException: could not execute statement
[2026-02-12 19:38:41] NPCI SFTP ACK Download Process Completed
[2026-02-12 19:38:41] ...........ACK Process End..........
[2026-02-12 19:38:46] ...........ACK Process Start..........
[2026-02-12 19:38:46] Connected to NPCI SFTP for ACK Download at 07:38:46 pm
[2026-02-12 19:38:46] Downloaded Successfully: ACH-CR-UBIN-UBIN612205-19012026-GLT424001-R2222222222C2-01-ACK.xml
[2026-02-12 19:38:46] Unexpected error in ACK download: could not execute statement; SQL [n/a]; constraint [null]; nested exception is org.hibernate.exception.ConstraintViolationException: could not execute statement
[2026-02-12 19:38:46] NPCI SFTP ACK Download Process Completed
[2026-02-12 19:38:46] ...........ACK Process End..........
[2026-02-12 19:38:51] ...........ACK Process Start..........
[2026-02-12 19:38:51] Connected to NPCI SFTP for ACK Download at 07:38:51 pm
[2026-02-12 19:38:51] Downloaded Successfully: ACH-CR-UBIN-UBIN612205-19012026-GLT424001-R2222222222C2-01-ACK.xml
[2026-02-12 19:38:51] Unexpected error in ACK download: could not execute statement; SQL [n/a]; constraint [null]; nested exception is org.hibernate.exception.ConstraintViolationException: could not execute statement
[2026-02-12 19:38:51] NPCI SFTP ACK Download Process Completed
[2026-02-12 19:38:51] ...........ACK Process End..........
[2026-02-12 19:38:56] ...........ACK Process Start..........
[2026-02-12 19:38:56] Connected to NPCI SFTP for ACK Download at 07:38:56 pm
[2026-02-12 19:38:56] Downloaded Successfully: ACH-CR-UBIN-UBIN612205-19012026-GLT424001-R2222222222C2-01-ACK.xml
[2026-02-12 19:38:56] Unexpected error in ACK download: could not execute statement; SQL [n/a]; constraint [null]; nested exception is org.hibernate.exception.ConstraintViolationException: could not execute statement
[2026-02-12 19:38:56] NPCI SFTP ACK Download Process Completed
[2026-02-12 19:38:56] ...........ACK Process End..........
[2026-02-12 19:39:00] ...........ACK Process Start..........
[2026-02-12 19:39:00] Connected to NPCI SFTP for ACK Download at 07:39:00 pm
[2026-02-12 19:39:00] Downloaded Successfully: ACH-CR-UBIN-UBIN612205-19012026-GLT424001-R2222222222C2-01-ACK.xml
[2026-02-12 19:39:00] Unexpected error in ACK download: could not execute statement; SQL [n/a]; constraint [null]; nested exception is org.hibernate.exception.ConstraintViolationException: could not execute statement
[2026-02-12 19:39:00] NPCI SFTP ACK Download Process Completed
[2026-02-12 19:39:00] ...........ACK Process End..........
[2026-02-12 19:39:01] ...........ACK Process Start..........
[2026-02-12 19:39:01] Connected to NPCI SFTP for ACK Download at 07:39:01 pm
[2026-02-12 19:39:01] Downloaded Successfully: ACH-CR-UBIN-UBIN612205-19012026-GLT424001-R2222222222C2-01-ACK.xml
[2026-02-12 19:39:01] Unexpected error in ACK download: could not execute statement; SQL [n/a]; constraint [null]; nested exception is org.hibernate.exception.ConstraintViolationException: could not execute statement
[2026-02-12 19:39:01] NPCI SFTP ACK Download Process Completed
[2026-02-12 19:39:01] ...........ACK Process End..........
